<?xml version="1.0" encoding="UTF-8"?>
<coverage generated="1676911261056" clover="3.2.0">
  <project timestamp="1676911261056" name="All files">
    <metrics statements="82" coveredstatements="54" conditionals="92" coveredconditionals="57" methods="27" coveredmethods="13" elements="201" coveredelements="124" complexity="0" loc="82" ncloc="82" packages="8" files="19" classes="19"/>
    <package name="src">
      <metrics statements="0" coveredstatements="0" conditionals="0" coveredconditionals="0" methods="0" coveredmethods="0"/>
      <file name="globals.d.ts" path="/home/hubert/Dropbox/01_tutorials/front-end/nerdbord/ui-system/src/globals.d.ts">
        <metrics statements="0" coveredstatements="0" conditionals="0" coveredconditionals="0" methods="0" coveredmethods="0"/>
      </file>
      <file name="index.ts" path="/home/hubert/Dropbox/01_tutorials/front-end/nerdbord/ui-system/src/index.ts">
        <metrics statements="0" coveredstatements="0" conditionals="0" coveredconditionals="0" methods="0" coveredmethods="0"/>
      </file>
    </package>
    <package name="src.icons">
      <metrics statements="10" coveredstatements="6" conditionals="0" coveredconditionals="0" methods="5" coveredmethods="1"/>
      <file name="Cancel.tsx" path="/home/hubert/Dropbox/01_tutorials/front-end/nerdbord/ui-system/src/icons/Cancel.tsx">
        <metrics statements="2" coveredstatements="1" conditionals="0" coveredconditionals="0" methods="1" coveredmethods="0"/>
        <line num="3" count="2" type="stmt"/>
        <line num="4" count="0" type="stmt"/>
      </file>
      <file name="Error.tsx" path="/home/hubert/Dropbox/01_tutorials/front-end/nerdbord/ui-system/src/icons/Error.tsx">
        <metrics statements="2" coveredstatements="1" conditionals="0" coveredconditionals="0" methods="1" coveredmethods="0"/>
        <line num="3" count="2" type="stmt"/>
        <line num="4" count="0" type="stmt"/>
      </file>
      <file name="MagGlass.tsx" path="/home/hubert/Dropbox/01_tutorials/front-end/nerdbord/ui-system/src/icons/MagGlass.tsx">
        <metrics statements="2" coveredstatements="1" conditionals="0" coveredconditionals="0" methods="1" coveredmethods="0"/>
        <line num="3" count="2" type="stmt"/>
        <line num="4" count="0" type="stmt"/>
      </file>
      <file name="Plus.tsx" path="/home/hubert/Dropbox/01_tutorials/front-end/nerdbord/ui-system/src/icons/Plus.tsx">
        <metrics statements="2" coveredstatements="1" conditionals="0" coveredconditionals="0" methods="1" coveredmethods="0"/>
        <line num="3" count="2" type="stmt"/>
        <line num="4" count="0" type="stmt"/>
      </file>
      <file name="Spinner.tsx" path="/home/hubert/Dropbox/01_tutorials/front-end/nerdbord/ui-system/src/icons/Spinner.tsx">
        <metrics statements="2" coveredstatements="2" conditionals="0" coveredconditionals="0" methods="1" coveredmethods="1"/>
        <line num="3" count="2" type="stmt"/>
        <line num="4" count="1" type="stmt"/>
      </file>
      <file name="index.tsx" path="/home/hubert/Dropbox/01_tutorials/front-end/nerdbord/ui-system/src/icons/index.tsx">
        <metrics statements="0" coveredstatements="0" conditionals="0" coveredconditionals="0" methods="0" coveredmethods="0"/>
      </file>
    </package>
    <package name="src.inputs">
      <metrics statements="0" coveredstatements="0" conditionals="0" coveredconditionals="0" methods="0" coveredmethods="0"/>
      <file name="index.ts" path="/home/hubert/Dropbox/01_tutorials/front-end/nerdbord/ui-system/src/inputs/index.ts">
        <metrics statements="0" coveredstatements="0" conditionals="0" coveredconditionals="0" methods="0" coveredmethods="0"/>
      </file>
    </package>
    <package name="src.inputs.Button">
      <metrics statements="16" coveredstatements="13" conditionals="17" coveredconditionals="13" methods="5" coveredmethods="4"/>
      <file name="Button.stories.tsx" path="/home/hubert/Dropbox/01_tutorials/front-end/nerdbord/ui-system/src/inputs/Button/Button.stories.tsx">
        <metrics statements="3" coveredstatements="0" conditionals="0" coveredconditionals="0" methods="1" coveredmethods="0"/>
        <line num="30" count="0" type="stmt"/>
        <line num="31" count="0" type="stmt"/>
        <line num="36" count="0" type="stmt"/>
      </file>
      <file name="Button.tsx" path="/home/hubert/Dropbox/01_tutorials/front-end/nerdbord/ui-system/src/inputs/Button/Button.tsx">
        <metrics statements="13" coveredstatements="13" conditionals="17" coveredconditionals="13" methods="4" coveredmethods="4"/>
        <line num="15" count="1" type="stmt"/>
        <line num="22" count="5" type="cond" truecount="1" falsecount="1"/>
        <line num="24" count="5" type="stmt"/>
        <line num="25" count="5" type="cond" truecount="2" falsecount="0"/>
        <line num="26" count="1" type="cond" truecount="1" falsecount="1"/>
        <line num="32" count="5" type="stmt"/>
        <line num="33" count="5" type="cond" truecount="2" falsecount="0"/>
        <line num="34" count="2" type="cond" truecount="1" falsecount="1"/>
        <line num="40" count="5" type="stmt"/>
        <line num="47" count="5" type="stmt"/>
        <line num="51" count="2" type="cond" truecount="1" falsecount="1"/>
        <line num="52" count="2" type="cond" truecount="2" falsecount="0"/>
        <line num="53" count="1" type="stmt"/>
      </file>
    </package>
    <package name="src.inputs.Checkbox">
      <metrics statements="10" coveredstatements="7" conditionals="10" coveredconditionals="10" methods="4" coveredmethods="3"/>
      <file name="Checkbox.stories.tsx" path="/home/hubert/Dropbox/01_tutorials/front-end/nerdbord/ui-system/src/inputs/Checkbox/Checkbox.stories.tsx">
        <metrics statements="3" coveredstatements="0" conditionals="0" coveredconditionals="0" methods="1" coveredmethods="0"/>
        <line num="11" count="0" type="stmt"/>
        <line num="12" count="0" type="stmt"/>
        <line num="17" count="0" type="stmt"/>
      </file>
      <file name="Checkbox.tsx" path="/home/hubert/Dropbox/01_tutorials/front-end/nerdbord/ui-system/src/inputs/Checkbox/Checkbox.tsx">
        <metrics statements="7" coveredstatements="7" conditionals="10" coveredconditionals="10" methods="3" coveredmethods="3"/>
        <line num="16" count="1" type="stmt"/>
        <line num="28" count="3" type="stmt"/>
        <line num="29" count="3" type="cond" truecount="2" falsecount="0"/>
        <line num="32" count="3" type="stmt"/>
        <line num="34" count="3" type="stmt"/>
        <line num="40" count="3" type="cond" truecount="2" falsecount="0"/>
        <line num="41" count="2" type="stmt"/>
      </file>
    </package>
    <package name="src.inputs.Switch">
      <metrics statements="13" coveredstatements="10" conditionals="9" coveredconditionals="9" methods="5" coveredmethods="4"/>
      <file name="Switch.stories.tsx" path="/home/hubert/Dropbox/01_tutorials/front-end/nerdbord/ui-system/src/inputs/Switch/Switch.stories.tsx">
        <metrics statements="3" coveredstatements="0" conditionals="0" coveredconditionals="0" methods="1" coveredmethods="0"/>
        <line num="10" count="0" type="stmt"/>
        <line num="11" count="0" type="stmt"/>
        <line num="14" count="0" type="stmt"/>
      </file>
      <file name="Switch.tsx" path="/home/hubert/Dropbox/01_tutorials/front-end/nerdbord/ui-system/src/inputs/Switch/Switch.tsx">
        <metrics statements="10" coveredstatements="10" conditionals="9" coveredconditionals="9" methods="4" coveredmethods="4"/>
        <line num="13" count="1" type="stmt"/>
        <line num="19" count="2" type="stmt"/>
        <line num="20" count="2" type="cond" truecount="2" falsecount="0"/>
        <line num="23" count="2" type="stmt"/>
        <line num="24" count="2" type="cond" truecount="2" falsecount="0"/>
        <line num="27" count="2" type="stmt"/>
        <line num="29" count="2" type="stmt"/>
        <line num="31" count="2" type="stmt"/>
        <line num="38" count="2" type="cond" truecount="2" falsecount="0"/>
        <line num="39" count="1" type="stmt"/>
      </file>
    </package>
    <package name="src.inputs.TextField">
      <metrics statements="25" coveredstatements="18" conditionals="50" coveredconditionals="25" methods="5" coveredmethods="1"/>
      <file name="TextField.stories.tsx" path="/home/hubert/Dropbox/01_tutorials/front-end/nerdbord/ui-system/src/inputs/TextField/TextField.stories.tsx">
        <metrics statements="3" coveredstatements="0" conditionals="0" coveredconditionals="0" methods="1" coveredmethods="0"/>
        <line num="17" count="0" type="stmt"/>
        <line num="18" count="0" type="stmt"/>
        <line num="21" count="0" type="stmt"/>
      </file>
      <file name="TextField.tsx" path="/home/hubert/Dropbox/01_tutorials/front-end/nerdbord/ui-system/src/inputs/TextField/TextField.tsx">
        <metrics statements="22" coveredstatements="18" conditionals="50" coveredconditionals="25" methods="4" coveredmethods="1"/>
        <line num="22" count="1" type="stmt"/>
        <line num="23" count="2" type="stmt"/>
        <line num="25" count="2" type="stmt"/>
        <line num="26" count="2" type="stmt"/>
        <line num="29" count="2" type="cond" truecount="4" falsecount="1"/>
        <line num="31" count="2" type="cond" truecount="1" falsecount="1"/>
        <line num="33" count="2" type="cond" truecount="2" falsecount="2"/>
        <line num="34" count="2" type="cond" truecount="2" falsecount="2"/>
        <line num="36" count="2" type="cond" truecount="2" falsecount="2"/>
        <line num="38" count="2" type="cond" truecount="2" falsecount="2"/>
        <line num="40" count="2" type="cond" truecount="1" falsecount="1"/>
        <line num="42" count="2" type="cond" truecount="2" falsecount="0"/>
        <line num="43" count="2" type="cond" truecount="2" falsecount="0"/>
        <line num="45" count="2" type="stmt"/>
        <line num="53" count="2" type="stmt"/>
        <line num="62" count="2" type="stmt"/>
        <line num="64" count="2" type="stmt"/>
        <line num="66" count="2" type="stmt"/>
        <line num="84" count="0" type="stmt"/>
        <line num="85" count="0" type="stmt"/>
        <line num="88" count="0" type="cond" truecount="0" falsecount="2"/>
        <line num="89" count="0" type="stmt"/>
      </file>
    </package>
    <package name="src.navigation.Link">
      <metrics statements="8" coveredstatements="0" conditionals="6" coveredconditionals="0" methods="3" coveredmethods="0"/>
      <file name="Link.stories.tsx" path="/home/hubert/Dropbox/01_tutorials/front-end/nerdbord/ui-system/src/navigation/Link/Link.stories.tsx">
        <metrics statements="3" coveredstatements="0" conditionals="0" coveredconditionals="0" methods="1" coveredmethods="0"/>
        <line num="25" count="0" type="stmt"/>
        <line num="26" count="0" type="stmt"/>
        <line num="31" count="0" type="stmt"/>
      </file>
      <file name="Link.tsx" path="/home/hubert/Dropbox/01_tutorials/front-end/nerdbord/ui-system/src/navigation/Link/Link.tsx">
        <metrics statements="5" coveredstatements="0" conditionals="6" coveredconditionals="0" methods="2" coveredmethods="0"/>
        <line num="15" count="0" type="stmt"/>
        <line num="22" count="0" type="stmt"/>
        <line num="23" count="0" type="cond" truecount="0" falsecount="2"/>
        <line num="26" count="0" type="stmt"/>
        <line num="28" count="0" type="stmt"/>
      </file>
    </package>
  </project>
</coverage>
