{"/home/hubert/Dropbox/01_tutorials/front-end/nerdbord/ui-system/src/globals.d.ts": {"path":"/home/hubert/Dropbox/01_tutorials/front-end/nerdbord/ui-system/src/globals.d.ts","statementMap":{},"fnMap":{},"branchMap":{},"s":{},"f":{},"b":{}}
,"/home/hubert/Dropbox/01_tutorials/front-end/nerdbord/ui-system/src/index.ts": {"path":"/home/hubert/Dropbox/01_tutorials/front-end/nerdbord/ui-system/src/index.ts","statementMap":{},"fnMap":{},"branchMap":{},"s":{},"f":{},"b":{}}
,"/home/hubert/Dropbox/01_tutorials/front-end/nerdbord/ui-system/src/icons/Cancel.tsx": {"path":"/home/hubert/Dropbox/01_tutorials/front-end/nerdbord/ui-system/src/icons/Cancel.tsx","statementMap":{"0":{"start":{"line":3,"column":22},"end":{"line":18,"column":1}},"1":{"start":{"line":4,"column":2},"end":{"line":17,"column":8}}},"fnMap":{"0":{"name":"(anonymous_0)","decl":{"start":{"line":3,"column":22},"end":{"line":3,"column":23}},"loc":{"start":{"line":4,"column":2},"end":{"line":17,"column":8}},"line":4}},"branchMap":{},"s":{"0":2,"1":0},"f":{"0":0},"b":{},"_coverageSchema":"1a1c01bbd47fc00a2c39e90264f33305004495a9","hash":"3e32a4436b7386a108f5b2e397ce7d76d4ee195f"}
,"/home/hubert/Dropbox/01_tutorials/front-end/nerdbord/ui-system/src/icons/Error.tsx": {"path":"/home/hubert/Dropbox/01_tutorials/front-end/nerdbord/ui-system/src/icons/Error.tsx","statementMap":{"0":{"start":{"line":3,"column":21},"end":{"line":18,"column":1}},"1":{"start":{"line":4,"column":2},"end":{"line":17,"column":8}}},"fnMap":{"0":{"name":"(anonymous_0)","decl":{"start":{"line":3,"column":21},"end":{"line":3,"column":22}},"loc":{"start":{"line":4,"column":2},"end":{"line":17,"column":8}},"line":4}},"branchMap":{},"s":{"0":2,"1":0},"f":{"0":0},"b":{},"_coverageSchema":"1a1c01bbd47fc00a2c39e90264f33305004495a9","hash":"761925b7be6a90caa5636df5083bee8aaa9c274c"}
,"/home/hubert/Dropbox/01_tutorials/front-end/nerdbord/ui-system/src/icons/MagGlass.tsx": {"path":"/home/hubert/Dropbox/01_tutorials/front-end/nerdbord/ui-system/src/icons/MagGlass.tsx","statementMap":{"0":{"start":{"line":3,"column":24},"end":{"line":18,"column":1}},"1":{"start":{"line":4,"column":2},"end":{"line":17,"column":8}}},"fnMap":{"0":{"name":"(anonymous_0)","decl":{"start":{"line":3,"column":24},"end":{"line":3,"column":25}},"loc":{"start":{"line":4,"column":2},"end":{"line":17,"column":8}},"line":4}},"branchMap":{},"s":{"0":2,"1":0},"f":{"0":0},"b":{},"_coverageSchema":"1a1c01bbd47fc00a2c39e90264f33305004495a9","hash":"a845f18e8a228e49a4a59145ab5d1dc93a420c1e"}
,"/home/hubert/Dropbox/01_tutorials/front-end/nerdbord/ui-system/src/icons/Plus.tsx": {"path":"/home/hubert/Dropbox/01_tutorials/front-end/nerdbord/ui-system/src/icons/Plus.tsx","statementMap":{"0":{"start":{"line":3,"column":20},"end":{"line":14,"column":1}},"1":{"start":{"line":4,"column":2},"end":{"line":13,"column":8}}},"fnMap":{"0":{"name":"(anonymous_0)","decl":{"start":{"line":3,"column":20},"end":{"line":3,"column":21}},"loc":{"start":{"line":4,"column":2},"end":{"line":13,"column":8}},"line":4}},"branchMap":{},"s":{"0":2,"1":0},"f":{"0":0},"b":{},"_coverageSchema":"1a1c01bbd47fc00a2c39e90264f33305004495a9","hash":"c85390cc4e18fcf30b1810a99778de783e2afd06"}
,"/home/hubert/Dropbox/01_tutorials/front-end/nerdbord/ui-system/src/icons/Spinner.tsx": {"path":"/home/hubert/Dropbox/01_tutorials/front-end/nerdbord/ui-system/src/icons/Spinner.tsx","statementMap":{"0":{"start":{"line":3,"column":23},"end":{"line":22,"column":1}},"1":{"start":{"line":4,"column":2},"end":{"line":21,"column":8}}},"fnMap":{"0":{"name":"(anonymous_0)","decl":{"start":{"line":3,"column":23},"end":{"line":3,"column":24}},"loc":{"start":{"line":4,"column":2},"end":{"line":21,"column":8}},"line":4}},"branchMap":{},"s":{"0":2,"1":1},"f":{"0":1},"b":{},"_coverageSchema":"1a1c01bbd47fc00a2c39e90264f33305004495a9","hash":"49a77ebb9eda3eda35556c2448b4445ddfb1f007"}
,"/home/hubert/Dropbox/01_tutorials/front-end/nerdbord/ui-system/src/icons/index.tsx": {"path":"/home/hubert/Dropbox/01_tutorials/front-end/nerdbord/ui-system/src/icons/index.tsx","statementMap":{},"fnMap":{},"branchMap":{},"s":{},"f":{},"b":{},"_coverageSchema":"1a1c01bbd47fc00a2c39e90264f33305004495a9","hash":"1d13083a90fa8847c83741fa4efedcbfe0a0f1e2"}
,"/home/hubert/Dropbox/01_tutorials/front-end/nerdbord/ui-system/src/inputs/index.ts": {"path":"/home/hubert/Dropbox/01_tutorials/front-end/nerdbord/ui-system/src/inputs/index.ts","statementMap":{},"fnMap":{},"branchMap":{},"s":{},"f":{},"b":{}}
,"/home/hubert/Dropbox/01_tutorials/front-end/nerdbord/ui-system/src/inputs/Button/Button.stories.tsx": {"path":"/home/hubert/Dropbox/01_tutorials/front-end/nerdbord/ui-system/src/inputs/Button/Button.stories.tsx","statementMap":{"0":{"start":{"line":30,"column":34},"end":{"line":34,"column":1}},"1":{"start":{"line":31,"column":2},"end":{"line":33,"column":11}},"2":{"start":{"line":36,"column":0},"end":{"line":42,"column":2}}},"fnMap":{"0":{"name":"(anonymous_0)","decl":{"start":{"line":30,"column":34},"end":{"line":30,"column":35}},"loc":{"start":{"line":31,"column":2},"end":{"line":33,"column":11}},"line":31}},"branchMap":{},"s":{"0":0,"1":0,"2":0},"f":{"0":0},"b":{}}
,"/home/hubert/Dropbox/01_tutorials/front-end/nerdbord/ui-system/src/inputs/Button/Button.tsx": {"path":"/home/hubert/Dropbox/01_tutorials/front-end/nerdbord/ui-system/src/inputs/Button/Button.tsx","statementMap":{"0":{"start":{"line":15,"column":22},"end":{"line":62,"column":1}},"1":{"start":{"line":22,"column":4},"end":{"line":22,"column":61}},"2":{"start":{"line":24,"column":45},"end":{"line":30,"column":3}},"3":{"start":{"line":25,"column":4},"end":{"line":29,"column":5}},"4":{"start":{"line":26,"column":6},"end":{"line":28,"column":35}},"5":{"start":{"line":32,"column":46},"end":{"line":38,"column":3}},"6":{"start":{"line":33,"column":4},"end":{"line":37,"column":5}},"7":{"start":{"line":34,"column":6},"end":{"line":36,"column":36}},"8":{"start":{"line":40,"column":25},"end":{"line":45,"column":13}},"9":{"start":{"line":47,"column":2},"end":{"line":61,"column":4}},"10":{"start":{"line":51,"column":8},"end":{"line":51,"column":29}},"11":{"start":{"line":51,"column":22},"end":{"line":51,"column":29}},"12":{"start":{"line":52,"column":8},"end":{"line":52,"column":30}},"13":{"start":{"line":52,"column":23},"end":{"line":52,"column":30}},"14":{"start":{"line":53,"column":8},"end":{"line":53,"column":24}}},"fnMap":{"0":{"name":"(anonymous_0)","decl":{"start":{"line":15,"column":22},"end":{"line":15,"column":23}},"loc":{"start":{"line":20,"column":38},"end":{"line":62,"column":1}},"line":20},"1":{"name":"(anonymous_1)","decl":{"start":{"line":24,"column":45},"end":{"line":24,"column":46}},"loc":{"start":{"line":24,"column":59},"end":{"line":30,"column":3}},"line":24},"2":{"name":"(anonymous_2)","decl":{"start":{"line":32,"column":46},"end":{"line":32,"column":47}},"loc":{"start":{"line":32,"column":60},"end":{"line":38,"column":3}},"line":32},"3":{"name":"(anonymous_3)","decl":{"start":{"line":50,"column":15},"end":{"line":50,"column":16}},"loc":{"start":{"line":50,"column":21},"end":{"line":54,"column":7}},"line":50}},"branchMap":{"0":{"loc":{"start":{"line":16,"column":2},"end":{"line":16,"column":21}},"type":"default-arg","locations":[{"start":{"line":16,"column":12},"end":{"line":16,"column":21}}],"line":16},"1":{"loc":{"start":{"line":17,"column":2},"end":{"line":17,"column":18}},"type":"default-arg","locations":[{"start":{"line":17,"column":13},"end":{"line":17,"column":18}}],"line":17},"2":{"loc":{"start":{"line":18,"column":2},"end":{"line":18,"column":19}},"type":"default-arg","locations":[{"start":{"line":18,"column":14},"end":{"line":18,"column":19}}],"line":18},"3":{"loc":{"start":{"line":22,"column":4},"end":{"line":22,"column":61}},"type":"cond-expr","locations":[{"start":{"line":22,"column":28},"end":{"line":22,"column":42}},{"start":{"line":22,"column":45},"end":{"line":22,"column":61}}],"line":22},"4":{"loc":{"start":{"line":25,"column":4},"end":{"line":29,"column":5}},"type":"if","locations":[{"start":{"line":25,"column":4},"end":{"line":29,"column":5}},{"start":{},"end":{}}],"line":25},"5":{"loc":{"start":{"line":26,"column":13},"end":{"line":28,"column":34}},"type":"cond-expr","locations":[{"start":{"line":27,"column":10},"end":{"line":27,"column":32}},{"start":{"line":28,"column":10},"end":{"line":28,"column":34}}],"line":26},"6":{"loc":{"start":{"line":33,"column":4},"end":{"line":37,"column":5}},"type":"if","locations":[{"start":{"line":33,"column":4},"end":{"line":37,"column":5}},{"start":{},"end":{}}],"line":33},"7":{"loc":{"start":{"line":34,"column":13},"end":{"line":36,"column":35}},"type":"cond-expr","locations":[{"start":{"line":35,"column":10},"end":{"line":35,"column":33}},{"start":{"line":36,"column":10},"end":{"line":36,"column":35}}],"line":34},"8":{"loc":{"start":{"line":51,"column":8},"end":{"line":51,"column":29}},"type":"if","locations":[{"start":{"line":51,"column":8},"end":{"line":51,"column":29}},{"start":{},"end":{}}],"line":51},"9":{"loc":{"start":{"line":52,"column":8},"end":{"line":52,"column":30}},"type":"if","locations":[{"start":{"line":52,"column":8},"end":{"line":52,"column":30}},{"start":{},"end":{}}],"line":52}},"s":{"0":1,"1":5,"2":5,"3":5,"4":1,"5":5,"6":5,"7":2,"8":5,"9":5,"10":2,"11":0,"12":2,"13":1,"14":1},"f":{"0":5,"1":5,"2":5,"3":2},"b":{"0":[5],"1":[4],"2":[3],"3":[5,0],"4":[1,4],"5":[1,0],"6":[2,3],"7":[2,0],"8":[0,2],"9":[1,1]},"_coverageSchema":"1a1c01bbd47fc00a2c39e90264f33305004495a9","hash":"14ec9431b259e41105f5ecda28b8935b6761aae9"}
,"/home/hubert/Dropbox/01_tutorials/front-end/nerdbord/ui-system/src/inputs/Checkbox/Checkbox.stories.tsx": {"path":"/home/hubert/Dropbox/01_tutorials/front-end/nerdbord/ui-system/src/inputs/Checkbox/Checkbox.stories.tsx","statementMap":{"0":{"start":{"line":11,"column":36},"end":{"line":15,"column":1}},"1":{"start":{"line":12,"column":2},"end":{"line":14,"column":13}},"2":{"start":{"line":17,"column":0},"end":{"line":24,"column":2}}},"fnMap":{"0":{"name":"(anonymous_0)","decl":{"start":{"line":11,"column":36},"end":{"line":11,"column":37}},"loc":{"start":{"line":12,"column":2},"end":{"line":14,"column":13}},"line":12}},"branchMap":{},"s":{"0":0,"1":0,"2":0},"f":{"0":0},"b":{}}
,"/home/hubert/Dropbox/01_tutorials/front-end/nerdbord/ui-system/src/inputs/Checkbox/Checkbox.tsx": {"path":"/home/hubert/Dropbox/01_tutorials/front-end/nerdbord/ui-system/src/inputs/Checkbox/Checkbox.tsx","statementMap":{"0":{"start":{"line":16,"column":24},"end":{"line":51,"column":1}},"1":{"start":{"line":28,"column":24},"end":{"line":30,"column":3}},"2":{"start":{"line":29,"column":4},"end":{"line":29,"column":43}},"3":{"start":{"line":32,"column":18},"end":{"line":32,"column":67}},"4":{"start":{"line":34,"column":2},"end":{"line":50,"column":4}},"5":{"start":{"line":40,"column":10},"end":{"line":40,"column":31}},"6":{"start":{"line":40,"column":24},"end":{"line":40,"column":31}},"7":{"start":{"line":41,"column":10},"end":{"line":41,"column":27}}},"fnMap":{"0":{"name":"(anonymous_0)","decl":{"start":{"line":16,"column":24},"end":{"line":16,"column":25}},"loc":{"start":{"line":24,"column":40},"end":{"line":51,"column":1}},"line":24},"1":{"name":"(anonymous_1)","decl":{"start":{"line":28,"column":24},"end":{"line":28,"column":25}},"loc":{"start":{"line":28,"column":38},"end":{"line":30,"column":3}},"line":28},"2":{"name":"(anonymous_2)","decl":{"start":{"line":39,"column":18},"end":{"line":39,"column":19}},"loc":{"start":{"line":39,"column":24},"end":{"line":42,"column":9}},"line":39}},"branchMap":{"0":{"loc":{"start":{"line":17,"column":2},"end":{"line":17,"column":17}},"type":"default-arg","locations":[{"start":{"line":17,"column":12},"end":{"line":17,"column":17}}],"line":17},"1":{"loc":{"start":{"line":18,"column":2},"end":{"line":18,"column":18}},"type":"default-arg","locations":[{"start":{"line":18,"column":13},"end":{"line":18,"column":18}}],"line":18},"2":{"loc":{"start":{"line":19,"column":2},"end":{"line":19,"column":11}},"type":"default-arg","locations":[{"start":{"line":19,"column":7},"end":{"line":19,"column":11}}],"line":19},"3":{"loc":{"start":{"line":20,"column":2},"end":{"line":20,"column":15}},"type":"default-arg","locations":[{"start":{"line":20,"column":9},"end":{"line":20,"column":15}}],"line":20},"4":{"loc":{"start":{"line":21,"column":2},"end":{"line":21,"column":17}},"type":"default-arg","locations":[{"start":{"line":21,"column":10},"end":{"line":21,"column":17}}],"line":21},"5":{"loc":{"start":{"line":22,"column":2},"end":{"line":22,"column":17}},"type":"default-arg","locations":[{"start":{"line":22,"column":10},"end":{"line":22,"column":17}}],"line":22},"6":{"loc":{"start":{"line":29,"column":11},"end":{"line":29,"column":42}},"type":"cond-expr","locations":[{"start":{"line":29,"column":22},"end":{"line":29,"column":37}},{"start":{"line":29,"column":40},"end":{"line":29,"column":42}}],"line":29},"7":{"loc":{"start":{"line":40,"column":10},"end":{"line":40,"column":31}},"type":"if","locations":[{"start":{"line":40,"column":10},"end":{"line":40,"column":31}},{"start":{},"end":{}}],"line":40}},"s":{"0":1,"1":3,"2":3,"3":3,"4":3,"5":3,"6":1,"7":2},"f":{"0":3,"1":3,"2":3},"b":{"0":[3],"1":[2],"2":[3],"3":[3],"4":[3],"5":[3],"6":[1,2],"7":[1,2]},"_coverageSchema":"1a1c01bbd47fc00a2c39e90264f33305004495a9","hash":"aeeee15987df30b0bdc0f23f217b61bbf80bc482"}
,"/home/hubert/Dropbox/01_tutorials/front-end/nerdbord/ui-system/src/inputs/Switch/Switch.stories.tsx": {"path":"/home/hubert/Dropbox/01_tutorials/front-end/nerdbord/ui-system/src/inputs/Switch/Switch.stories.tsx","statementMap":{"0":{"start":{"line":10,"column":34},"end":{"line":12,"column":1}},"1":{"start":{"line":11,"column":2},"end":{"line":11,"column":29}},"2":{"start":{"line":14,"column":0},"end":{"line":18,"column":2}}},"fnMap":{"0":{"name":"(anonymous_0)","decl":{"start":{"line":10,"column":34},"end":{"line":10,"column":35}},"loc":{"start":{"line":11,"column":2},"end":{"line":11,"column":29}},"line":11}},"branchMap":{},"s":{"0":0,"1":0,"2":0},"f":{"0":0},"b":{}}
,"/home/hubert/Dropbox/01_tutorials/front-end/nerdbord/ui-system/src/inputs/Switch/Switch.tsx": {"path":"/home/hubert/Dropbox/01_tutorials/front-end/nerdbord/ui-system/src/inputs/Switch/Switch.tsx","statementMap":{"0":{"start":{"line":13,"column":22},"end":{"line":46,"column":1}},"1":{"start":{"line":19,"column":29},"end":{"line":21,"column":3}},"2":{"start":{"line":20,"column":4},"end":{"line":20,"column":54}},"3":{"start":{"line":23,"column":30},"end":{"line":25,"column":3}},"4":{"start":{"line":24,"column":4},"end":{"line":24,"column":55}},"5":{"start":{"line":27,"column":23},"end":{"line":27,"column":75}},"6":{"start":{"line":29,"column":24},"end":{"line":29,"column":78}},"7":{"start":{"line":31,"column":2},"end":{"line":45,"column":4}},"8":{"start":{"line":38,"column":10},"end":{"line":38,"column":31}},"9":{"start":{"line":38,"column":24},"end":{"line":38,"column":31}},"10":{"start":{"line":39,"column":10},"end":{"line":39,"column":26}}},"fnMap":{"0":{"name":"(anonymous_0)","decl":{"start":{"line":13,"column":22},"end":{"line":13,"column":23}},"loc":{"start":{"line":18,"column":38},"end":{"line":46,"column":1}},"line":18},"1":{"name":"(anonymous_1)","decl":{"start":{"line":19,"column":29},"end":{"line":19,"column":30}},"loc":{"start":{"line":19,"column":43},"end":{"line":21,"column":3}},"line":19},"2":{"name":"(anonymous_2)","decl":{"start":{"line":23,"column":30},"end":{"line":23,"column":31}},"loc":{"start":{"line":23,"column":44},"end":{"line":25,"column":3}},"line":23},"3":{"name":"(anonymous_3)","decl":{"start":{"line":37,"column":18},"end":{"line":37,"column":19}},"loc":{"start":{"line":37,"column":24},"end":{"line":40,"column":9}},"line":37}},"branchMap":{"0":{"loc":{"start":{"line":14,"column":2},"end":{"line":14,"column":17}},"type":"default-arg","locations":[{"start":{"line":14,"column":12},"end":{"line":14,"column":17}}],"line":14},"1":{"loc":{"start":{"line":15,"column":2},"end":{"line":15,"column":18}},"type":"default-arg","locations":[{"start":{"line":15,"column":13},"end":{"line":15,"column":18}}],"line":15},"2":{"loc":{"start":{"line":16,"column":2},"end":{"line":16,"column":11}},"type":"default-arg","locations":[{"start":{"line":16,"column":7},"end":{"line":16,"column":11}}],"line":16},"3":{"loc":{"start":{"line":20,"column":11},"end":{"line":20,"column":53}},"type":"cond-expr","locations":[{"start":{"line":20,"column":22},"end":{"line":20,"column":48}},{"start":{"line":20,"column":51},"end":{"line":20,"column":53}}],"line":20},"4":{"loc":{"start":{"line":24,"column":11},"end":{"line":24,"column":54}},"type":"cond-expr","locations":[{"start":{"line":24,"column":22},"end":{"line":24,"column":49}},{"start":{"line":24,"column":52},"end":{"line":24,"column":54}}],"line":24},"5":{"loc":{"start":{"line":38,"column":10},"end":{"line":38,"column":31}},"type":"if","locations":[{"start":{"line":38,"column":10},"end":{"line":38,"column":31}},{"start":{},"end":{}}],"line":38}},"s":{"0":1,"1":2,"2":2,"3":2,"4":2,"5":2,"6":2,"7":2,"8":2,"9":1,"10":1},"f":{"0":2,"1":2,"2":2,"3":2},"b":{"0":[2],"1":[1],"2":[2],"3":[1,1],"4":[1,1],"5":[1,1]},"_coverageSchema":"1a1c01bbd47fc00a2c39e90264f33305004495a9","hash":"6a550cca4b0c9af3025f6e0f2d1ff73ec729e2ba"}
,"/home/hubert/Dropbox/01_tutorials/front-end/nerdbord/ui-system/src/inputs/TextField/TextField.stories.tsx": {"path":"/home/hubert/Dropbox/01_tutorials/front-end/nerdbord/ui-system/src/inputs/TextField/TextField.stories.tsx","statementMap":{"0":{"start":{"line":17,"column":37},"end":{"line":19,"column":1}},"1":{"start":{"line":18,"column":2},"end":{"line":18,"column":35}},"2":{"start":{"line":21,"column":0},"end":{"line":32,"column":2}}},"fnMap":{"0":{"name":"(anonymous_0)","decl":{"start":{"line":17,"column":37},"end":{"line":17,"column":38}},"loc":{"start":{"line":18,"column":2},"end":{"line":18,"column":35}},"line":18}},"branchMap":{},"s":{"0":0,"1":0,"2":0},"f":{"0":0},"b":{}}
,"/home/hubert/Dropbox/01_tutorials/front-end/nerdbord/ui-system/src/inputs/TextField/TextField.tsx": {"path":"/home/hubert/Dropbox/01_tutorials/front-end/nerdbord/ui-system/src/inputs/TextField/TextField.tsx","statementMap":{"0":{"start":{"line":22,"column":25},"end":{"line":107,"column":1}},"1":{"start":{"line":23,"column":30},"end":{"line":23,"column":45}},"2":{"start":{"line":25,"column":19},"end":{"line":25,"column":39}},"3":{"start":{"line":26,"column":22},"end":{"line":26,"column":45}},"4":{"start":{"line":29,"column":4},"end":{"line":29,"column":74}},"5":{"start":{"line":31,"column":26},"end":{"line":31,"column":63}},"6":{"start":{"line":33,"column":21},"end":{"line":33,"column":71}},"7":{"start":{"line":34,"column":23},"end":{"line":34,"column":75}},"8":{"start":{"line":36,"column":21},"end":{"line":36,"column":76}},"9":{"start":{"line":38,"column":4},"end":{"line":38,"column":61}},"10":{"start":{"line":40,"column":24},"end":{"line":40,"column":74}},"11":{"start":{"line":42,"column":30},"end":{"line":42,"column":72}},"12":{"start":{"line":43,"column":30},"end":{"line":43,"column":72}},"13":{"start":{"line":45,"column":30},"end":{"line":51,"column":13}},"14":{"start":{"line":53,"column":30},"end":{"line":60,"column":13}},"15":{"start":{"line":62,"column":26},"end":{"line":62,"column":70}},"16":{"start":{"line":64,"column":27},"end":{"line":64,"column":72}},"17":{"start":{"line":66,"column":2},"end":{"line":106,"column":4}},"18":{"start":{"line":84,"column":25},"end":{"line":84,"column":39}},"19":{"start":{"line":85,"column":24},"end":{"line":85,"column":39}},"20":{"start":{"line":88,"column":12},"end":{"line":88,"column":33}},"21":{"start":{"line":88,"column":26},"end":{"line":88,"column":33}},"22":{"start":{"line":89,"column":12},"end":{"line":89,"column":29}}},"fnMap":{"0":{"name":"(anonymous_0)","decl":{"start":{"line":22,"column":25},"end":{"line":22,"column":26}},"loc":{"start":{"line":22,"column":52},"end":{"line":107,"column":1}},"line":22},"1":{"name":"(anonymous_1)","decl":{"start":{"line":84,"column":19},"end":{"line":84,"column":20}},"loc":{"start":{"line":84,"column":25},"end":{"line":84,"column":39}},"line":84},"2":{"name":"(anonymous_2)","decl":{"start":{"line":85,"column":18},"end":{"line":85,"column":19}},"loc":{"start":{"line":85,"column":24},"end":{"line":85,"column":39}},"line":85},"3":{"name":"(anonymous_3)","decl":{"start":{"line":87,"column":20},"end":{"line":87,"column":21}},"loc":{"start":{"line":87,"column":26},"end":{"line":90,"column":11}},"line":87}},"branchMap":{"0":{"loc":{"start":{"line":29,"column":4},"end":{"line":29,"column":74}},"type":"cond-expr","locations":[{"start":{"line":29,"column":52},"end":{"line":29,"column":60}},{"start":{"line":29,"column":63},"end":{"line":29,"column":74}}],"line":29},"1":{"loc":{"start":{"line":29,"column":4},"end":{"line":29,"column":49}},"type":"binary-expr","locations":[{"start":{"line":29,"column":4},"end":{"line":29,"column":17}},{"start":{"line":29,"column":21},"end":{"line":29,"column":38}},{"start":{"line":29,"column":42},"end":{"line":29,"column":49}}],"line":29},"2":{"loc":{"start":{"line":31,"column":26},"end":{"line":31,"column":63}},"type":"cond-expr","locations":[{"start":{"line":31,"column":41},"end":{"line":31,"column":58}},{"start":{"line":31,"column":61},"end":{"line":31,"column":63}}],"line":31},"3":{"loc":{"start":{"line":33,"column":21},"end":{"line":33,"column":71}},"type":"cond-expr","locations":[{"start":{"line":33,"column":47},"end":{"line":33,"column":66}},{"start":{"line":33,"column":69},"end":{"line":33,"column":71}}],"line":33},"4":{"loc":{"start":{"line":33,"column":21},"end":{"line":33,"column":44}},"type":"binary-expr","locations":[{"start":{"line":33,"column":21},"end":{"line":33,"column":28}},{"start":{"line":33,"column":32},"end":{"line":33,"column":44}}],"line":33},"5":{"loc":{"start":{"line":34,"column":23},"end":{"line":34,"column":75}},"type":"cond-expr","locations":[{"start":{"line":34,"column":49},"end":{"line":34,"column":70}},{"start":{"line":34,"column":73},"end":{"line":34,"column":75}}],"line":34},"6":{"loc":{"start":{"line":34,"column":23},"end":{"line":34,"column":46}},"type":"binary-expr","locations":[{"start":{"line":34,"column":23},"end":{"line":34,"column":30}},{"start":{"line":34,"column":34},"end":{"line":34,"column":46}}],"line":34},"7":{"loc":{"start":{"line":36,"column":21},"end":{"line":36,"column":76}},"type":"cond-expr","locations":[{"start":{"line":36,"column":54},"end":{"line":36,"column":71}},{"start":{"line":36,"column":74},"end":{"line":36,"column":76}}],"line":36},"8":{"loc":{"start":{"line":36,"column":21},"end":{"line":36,"column":51}},"type":"binary-expr","locations":[{"start":{"line":36,"column":21},"end":{"line":36,"column":32}},{"start":{"line":36,"column":36},"end":{"line":36,"column":51}}],"line":36},"9":{"loc":{"start":{"line":38,"column":4},"end":{"line":38,"column":61}},"type":"cond-expr","locations":[{"start":{"line":38,"column":37},"end":{"line":38,"column":56}},{"start":{"line":38,"column":59},"end":{"line":38,"column":61}}],"line":38},"10":{"loc":{"start":{"line":38,"column":4},"end":{"line":38,"column":34}},"type":"binary-expr","locations":[{"start":{"line":38,"column":4},"end":{"line":38,"column":15}},{"start":{"line":38,"column":19},"end":{"line":38,"column":34}}],"line":38},"11":{"loc":{"start":{"line":40,"column":24},"end":{"line":40,"column":74}},"type":"cond-expr","locations":[{"start":{"line":40,"column":41},"end":{"line":40,"column":69}},{"start":{"line":40,"column":72},"end":{"line":40,"column":74}}],"line":40},"12":{"loc":{"start":{"line":42,"column":30},"end":{"line":42,"column":72}},"type":"cond-expr","locations":[{"start":{"line":42,"column":47},"end":{"line":42,"column":67}},{"start":{"line":42,"column":70},"end":{"line":42,"column":72}}],"line":42},"13":{"loc":{"start":{"line":43,"column":30},"end":{"line":43,"column":72}},"type":"cond-expr","locations":[{"start":{"line":43,"column":47},"end":{"line":43,"column":67}},{"start":{"line":43,"column":70},"end":{"line":43,"column":72}}],"line":43},"14":{"loc":{"start":{"line":68,"column":7},"end":{"line":72,"column":7}},"type":"binary-expr","locations":[{"start":{"line":68,"column":7},"end":{"line":68,"column":18}},{"start":{"line":69,"column":8},"end":{"line":71,"column":16}}],"line":68},"15":{"loc":{"start":{"line":74,"column":9},"end":{"line":76,"column":9}},"type":"binary-expr","locations":[{"start":{"line":74,"column":9},"end":{"line":74,"column":23}},{"start":{"line":75,"column":10},"end":{"line":75,"column":65}}],"line":74},"16":{"loc":{"start":{"line":88,"column":12},"end":{"line":88,"column":33}},"type":"if","locations":[{"start":{"line":88,"column":12},"end":{"line":88,"column":33}},{"start":{},"end":{}}],"line":88},"17":{"loc":{"start":{"line":92,"column":9},"end":{"line":94,"column":9}},"type":"binary-expr","locations":[{"start":{"line":92,"column":9},"end":{"line":92,"column":20}},{"start":{"line":92,"column":24},"end":{"line":92,"column":39}},{"start":{"line":93,"column":10},"end":{"line":93,"column":63}}],"line":92},"18":{"loc":{"start":{"line":95,"column":9},"end":{"line":97,"column":9}},"type":"binary-expr","locations":[{"start":{"line":95,"column":9},"end":{"line":95,"column":16}},{"start":{"line":95,"column":20},"end":{"line":95,"column":35}},{"start":{"line":95,"column":39},"end":{"line":95,"column":51}},{"start":{"line":96,"column":10},"end":{"line":96,"column":64}}],"line":95},"19":{"loc":{"start":{"line":99,"column":7},"end":{"line":101,"column":7}},"type":"binary-expr","locations":[{"start":{"line":99,"column":7},"end":{"line":99,"column":18}},{"start":{"line":99,"column":22},"end":{"line":99,"column":37}},{"start":{"line":100,"column":8},"end":{"line":100,"column":59}}],"line":99},"20":{"loc":{"start":{"line":102,"column":7},"end":{"line":104,"column":7}},"type":"binary-expr","locations":[{"start":{"line":102,"column":9},"end":{"line":102,"column":19}},{"start":{"line":102,"column":23},"end":{"line":102,"column":35}},{"start":{"line":102,"column":41},"end":{"line":102,"column":51}},{"start":{"line":102,"column":55},"end":{"line":102,"column":69}},{"start":{"line":103,"column":8},"end":{"line":103,"column":57}}],"line":102}},"s":{"0":1,"1":2,"2":2,"3":2,"4":2,"5":2,"6":2,"7":2,"8":2,"9":2,"10":2,"11":2,"12":2,"13":2,"14":2,"15":2,"16":2,"17":2,"18":0,"19":0,"20":0,"21":0,"22":0},"f":{"0":2,"1":0,"2":0,"3":0},"b":{"0":[0,2],"1":[2,2,2],"2":[2,0],"3":[0,2],"4":[2,0],"5":[0,2],"6":[2,0],"7":[0,2],"8":[2,0],"9":[0,2],"10":[2,0],"11":[0,2],"12":[1,1],"13":[1,1],"14":[2,0],"15":[2,0],"16":[0,0],"17":[2,0,0],"18":[2,0,0,0],"19":[2,0,0],"20":[2,0,2,0,0]},"_coverageSchema":"1a1c01bbd47fc00a2c39e90264f33305004495a9","hash":"5979074c1ca85b718cedcd6c9347db1286e74254"}
,"/home/hubert/Dropbox/01_tutorials/front-end/nerdbord/ui-system/src/navigation/Link/Link.stories.tsx": {"path":"/home/hubert/Dropbox/01_tutorials/front-end/nerdbord/ui-system/src/navigation/Link/Link.stories.tsx","statementMap":{"0":{"start":{"line":25,"column":34},"end":{"line":29,"column":1}},"1":{"start":{"line":26,"column":2},"end":{"line":28,"column":9}},"2":{"start":{"line":31,"column":0},"end":{"line":38,"column":2}}},"fnMap":{"0":{"name":"(anonymous_0)","decl":{"start":{"line":25,"column":34},"end":{"line":25,"column":35}},"loc":{"start":{"line":26,"column":2},"end":{"line":28,"column":9}},"line":26}},"branchMap":{},"s":{"0":0,"1":0,"2":0},"f":{"0":0},"b":{}}
,"/home/hubert/Dropbox/01_tutorials/front-end/nerdbord/ui-system/src/navigation/Link/Link.tsx": {"path":"/home/hubert/Dropbox/01_tutorials/front-end/nerdbord/ui-system/src/navigation/Link/Link.tsx","statementMap":{"0":{"start":{"line":15,"column":20},"end":{"line":41,"column":1}},"1":{"start":{"line":22,"column":24},"end":{"line":24,"column":3}},"2":{"start":{"line":23,"column":4},"end":{"line":23,"column":43}},"3":{"start":{"line":26,"column":25},"end":{"line":26,"column":69}},"4":{"start":{"line":28,"column":2},"end":{"line":40,"column":4}}},"fnMap":{"0":{"name":"(anonymous_0)","decl":{"start":{"line":15,"column":20},"end":{"line":15,"column":21}},"loc":{"start":{"line":21,"column":36},"end":{"line":41,"column":1}},"line":21},"1":{"name":"(anonymous_1)","decl":{"start":{"line":22,"column":24},"end":{"line":22,"column":25}},"loc":{"start":{"line":22,"column":38},"end":{"line":24,"column":3}},"line":22}},"branchMap":{"0":{"loc":{"start":{"line":16,"column":2},"end":{"line":16,"column":10}},"type":"default-arg","locations":[{"start":{"line":16,"column":7},"end":{"line":16,"column":10}}],"line":16},"1":{"loc":{"start":{"line":17,"column":2},"end":{"line":17,"column":11}},"type":"default-arg","locations":[{"start":{"line":17,"column":7},"end":{"line":17,"column":11}}],"line":17},"2":{"loc":{"start":{"line":18,"column":2},"end":{"line":18,"column":19}},"type":"default-arg","locations":[{"start":{"line":18,"column":11},"end":{"line":18,"column":19}}],"line":18},"3":{"loc":{"start":{"line":19,"column":2},"end":{"line":19,"column":18}},"type":"default-arg","locations":[{"start":{"line":19,"column":13},"end":{"line":19,"column":18}}],"line":19},"4":{"loc":{"start":{"line":23,"column":11},"end":{"line":23,"column":42}},"type":"cond-expr","locations":[{"start":{"line":23,"column":22},"end":{"line":23,"column":37}},{"start":{"line":23,"column":40},"end":{"line":23,"column":42}}],"line":23}},"s":{"0":0,"1":0,"2":0,"3":0,"4":0},"f":{"0":0,"1":0},"b":{"0":[0],"1":[0],"2":[0],"3":[0],"4":[0,0]}}
}
