TN:
SF:src/globals.d.ts
FNF:0
FNH:0
LF:0
LH:0
BRF:0
BRH:0
end_of_record
TN:
SF:src/index.ts
FNF:0
FNH:0
LF:0
LH:0
BRF:0
BRH:0
end_of_record
TN:
SF:src/icons/Cancel.tsx
FN:3,(anonymous_0)
FNF:1
FNH:0
FNDA:0,(anonymous_0)
DA:3,2
DA:4,0
LF:2
LH:1
BRF:0
BRH:0
end_of_record
TN:
SF:src/icons/Error.tsx
FN:3,(anonymous_0)
FNF:1
FNH:0
FNDA:0,(anonymous_0)
DA:3,2
DA:4,0
LF:2
LH:1
BRF:0
BRH:0
end_of_record
TN:
SF:src/icons/MagGlass.tsx
FN:3,(anonymous_0)
FNF:1
FNH:0
FNDA:0,(anonymous_0)
DA:3,2
DA:4,0
LF:2
LH:1
BRF:0
BRH:0
end_of_record
TN:
SF:src/icons/Plus.tsx
FN:3,(anonymous_0)
FNF:1
FNH:0
FNDA:0,(anonymous_0)
DA:3,2
DA:4,0
LF:2
LH:1
BRF:0
BRH:0
end_of_record
TN:
SF:src/icons/Spinner.tsx
FN:3,(anonymous_0)
FNF:1
FNH:1
FNDA:1,(anonymous_0)
DA:3,2
DA:4,1
LF:2
LH:2
BRF:0
BRH:0
end_of_record
TN:
SF:src/icons/index.tsx
FNF:0
FNH:0
LF:0
LH:0
BRF:0
BRH:0
end_of_record
TN:
SF:src/inputs/index.ts
FNF:0
FNH:0
LF:0
LH:0
BRF:0
BRH:0
end_of_record
TN:
SF:src/inputs/Button/Button.stories.tsx
FN:30,(anonymous_0)
FNF:1
FNH:0
FNDA:0,(anonymous_0)
DA:30,0
DA:31,0
DA:36,0
LF:3
LH:0
BRF:0
BRH:0
end_of_record
TN:
SF:src/inputs/Button/Button.tsx
FN:15,(anonymous_0)
FN:24,(anonymous_1)
FN:32,(anonymous_2)
FN:50,(anonymous_3)
FNF:4
FNH:4
FNDA:5,(anonymous_0)
FNDA:5,(anonymous_1)
FNDA:5,(anonymous_2)
FNDA:2,(anonymous_3)
DA:15,1
DA:22,5
DA:24,5
DA:25,5
DA:26,1
DA:32,5
DA:33,5
DA:34,2
DA:40,5
DA:47,5
DA:51,2
DA:52,2
DA:53,1
LF:13
LH:13
BRDA:16,0,0,5
BRDA:17,1,0,4
BRDA:18,2,0,3
BRDA:22,3,0,5
BRDA:22,3,1,0
BRDA:25,4,0,1
BRDA:25,4,1,4
BRDA:26,5,0,1
BRDA:26,5,1,0
BRDA:33,6,0,2
BRDA:33,6,1,3
BRDA:34,7,0,2
BRDA:34,7,1,0
BRDA:51,8,0,0
BRDA:51,8,1,2
BRDA:52,9,0,1
BRDA:52,9,1,1
BRF:17
BRH:13
end_of_record
TN:
SF:src/inputs/Checkbox/Checkbox.stories.tsx
FN:11,(anonymous_0)
FNF:1
FNH:0
FNDA:0,(anonymous_0)
DA:11,0
DA:12,0
DA:17,0
LF:3
LH:0
BRF:0
BRH:0
end_of_record
TN:
SF:src/inputs/Checkbox/Checkbox.tsx
FN:16,(anonymous_0)
FN:28,(anonymous_1)
FN:39,(anonymous_2)
FNF:3
FNH:3
FNDA:3,(anonymous_0)
FNDA:3,(anonymous_1)
FNDA:3,(anonymous_2)
DA:16,1
DA:28,3
DA:29,3
DA:32,3
DA:34,3
DA:40,3
DA:41,2
LF:7
LH:7
BRDA:17,0,0,3
BRDA:18,1,0,2
BRDA:19,2,0,3
BRDA:20,3,0,3
BRDA:21,4,0,3
BRDA:22,5,0,3
BRDA:29,6,0,1
BRDA:29,6,1,2
BRDA:40,7,0,1
BRDA:40,7,1,2
BRF:10
BRH:10
end_of_record
TN:
SF:src/inputs/Switch/Switch.stories.tsx
FN:10,(anonymous_0)
FNF:1
FNH:0
FNDA:0,(anonymous_0)
DA:10,0
DA:11,0
DA:14,0
LF:3
LH:0
BRF:0
BRH:0
end_of_record
TN:
SF:src/inputs/Switch/Switch.tsx
FN:13,(anonymous_0)
FN:19,(anonymous_1)
FN:23,(anonymous_2)
FN:37,(anonymous_3)
FNF:4
FNH:4
FNDA:2,(anonymous_0)
FNDA:2,(anonymous_1)
FNDA:2,(anonymous_2)
FNDA:2,(anonymous_3)
DA:13,1
DA:19,2
DA:20,2
DA:23,2
DA:24,2
DA:27,2
DA:29,2
DA:31,2
DA:38,2
DA:39,1
LF:10
LH:10
BRDA:14,0,0,2
BRDA:15,1,0,1
BRDA:16,2,0,2
BRDA:20,3,0,1
BRDA:20,3,1,1
BRDA:24,4,0,1
BRDA:24,4,1,1
BRDA:38,5,0,1
BRDA:38,5,1,1
BRF:9
BRH:9
end_of_record
TN:
SF:src/inputs/TextField/TextField.stories.tsx
FN:17,(anonymous_0)
FNF:1
FNH:0
FNDA:0,(anonymous_0)
DA:17,0
DA:18,0
DA:21,0
LF:3
LH:0
BRF:0
BRH:0
end_of_record
TN:
SF:src/inputs/TextField/TextField.tsx
FN:22,(anonymous_0)
FN:84,(anonymous_1)
FN:85,(anonymous_2)
FN:87,(anonymous_3)
FNF:4
FNH:1
FNDA:2,(anonymous_0)
FNDA:0,(anonymous_1)
FNDA:0,(anonymous_2)
FNDA:0,(anonymous_3)
DA:22,1
DA:23,2
DA:25,2
DA:26,2
DA:29,2
DA:31,2
DA:33,2
DA:34,2
DA:36,2
DA:38,2
DA:40,2
DA:42,2
DA:43,2
DA:45,2
DA:53,2
DA:62,2
DA:64,2
DA:66,2
DA:84,0
DA:85,0
DA:88,0
DA:89,0
LF:22
LH:18
BRDA:29,0,0,0
BRDA:29,0,1,2
BRDA:29,1,0,2
BRDA:29,1,1,2
BRDA:29,1,2,2
BRDA:31,2,0,2
BRDA:31,2,1,0
BRDA:33,3,0,0
BRDA:33,3,1,2
BRDA:33,4,0,2
BRDA:33,4,1,0
BRDA:34,5,0,0
BRDA:34,5,1,2
BRDA:34,6,0,2
BRDA:34,6,1,0
BRDA:36,7,0,0
BRDA:36,7,1,2
BRDA:36,8,0,2
BRDA:36,8,1,0
BRDA:38,9,0,0
BRDA:38,9,1,2
BRDA:38,10,0,2
BRDA:38,10,1,0
BRDA:40,11,0,0
BRDA:40,11,1,2
BRDA:42,12,0,1
BRDA:42,12,1,1
BRDA:43,13,0,1
BRDA:43,13,1,1
BRDA:68,14,0,2
BRDA:68,14,1,0
BRDA:74,15,0,2
BRDA:74,15,1,0
BRDA:88,16,0,0
BRDA:88,16,1,0
BRDA:92,17,0,2
BRDA:92,17,1,0
BRDA:92,17,2,0
BRDA:95,18,0,2
BRDA:95,18,1,0
BRDA:95,18,2,0
BRDA:95,18,3,0
BRDA:99,19,0,2
BRDA:99,19,1,0
BRDA:99,19,2,0
BRDA:102,20,0,2
BRDA:102,20,1,0
BRDA:102,20,2,2
BRDA:102,20,3,0
BRDA:102,20,4,0
BRF:50
BRH:25
end_of_record
TN:
SF:src/navigation/Link/Link.stories.tsx
FN:25,(anonymous_0)
FNF:1
FNH:0
FNDA:0,(anonymous_0)
DA:25,0
DA:26,0
DA:31,0
LF:3
LH:0
BRF:0
BRH:0
end_of_record
TN:
SF:src/navigation/Link/Link.tsx
FN:15,(anonymous_0)
FN:22,(anonymous_1)
FNF:2
FNH:0
FNDA:0,(anonymous_0)
FNDA:0,(anonymous_1)
DA:15,0
DA:22,0
DA:23,0
DA:26,0
DA:28,0
LF:5
LH:0
BRDA:16,0,0,0
BRDA:17,1,0,0
BRDA:18,2,0,0
BRDA:19,3,0,0
BRDA:23,4,0,0
BRDA:23,4,1,0
BRF:6
BRH:0
end_of_record
